<?xml version="1.0" encoding="UTF-8"?>
<robot generator="Robot 6.1.1 (Python 3.11.2 on win32)" generated="20231113 18:03:53.646" rpa="false" schemaversion="4">
<suite id="s1" name="Cenários Agi" source="C:\Users\RafaelSiqueiraPaula\Desktop\TESTE_AGI\testes\Cenários_Agi.robot">
<test id="s1-t1" name="Cenário de teste 01: Realizar pesquisa por palavra-chave" line="7">
<kw name="Dado que eu seja um usuário do sistema" library="Blog_AGI">
<kw name="Open Browser" library="SeleniumLibrary">
<arg>${URL}</arg>
<arg>chrome</arg>
<doc>Opens a new browser instance to the optional ``url``.</doc>
<msg timestamp="20231113 18:03:53.950" level="INFO">Opening browser 'chrome' to base url 'https://blogdoagi.com.br/'.</msg>
<status status="PASS" starttime="20231113 18:03:53.949" endtime="20231113 18:04:00.594"/>
</kw>
<kw name="Maximize Browser Window" library="SeleniumLibrary">
<doc>Maximizes current browser window.</doc>
<status status="PASS" starttime="20231113 18:04:00.594" endtime="20231113 18:04:00.737"/>
</kw>
<status status="PASS" starttime="20231113 18:03:53.949" endtime="20231113 18:04:00.737"/>
</kw>
<kw name="E for utilizar a função de pesquisa" library="Blog_AGI">
<kw name="Click Button" library="SeleniumLibrary">
<arg>//*[@id="search-open"]</arg>
<doc>Clicks the button identified by ``locator``.</doc>
<msg timestamp="20231113 18:04:00.739" level="INFO">Clicking button '//*[@id="search-open"]'.</msg>
<status status="PASS" starttime="20231113 18:04:00.738" endtime="20231113 18:04:00.856"/>
</kw>
<status status="PASS" starttime="20231113 18:04:00.738" endtime="20231113 18:04:00.856"/>
</kw>
<kw name="Quando eu digitar &quot;Investimento&quot; na funcionalidade de pesquisa" library="Blog_AGI">
<kw name="Input Text" library="SeleniumLibrary">
<arg>//*[@id="masthead"]/div[1]/div[2]/form/label/input</arg>
<arg>Investimento</arg>
<doc>Types the given ``text`` into the text field identified by ``locator``.</doc>
<msg timestamp="20231113 18:04:00.858" level="INFO">Typing text 'Investimento' into text field '//*[@id="masthead"]/div[1]/div[2]/form/label/input'.</msg>
<status status="PASS" starttime="20231113 18:04:00.856" endtime="20231113 18:04:01.069"/>
</kw>
<kw name="Sleep" library="BuiltIn">
<arg>5s</arg>
<doc>Pauses the test executed for the given time.</doc>
<msg timestamp="20231113 18:04:06.069" level="INFO">Slept 5 seconds</msg>
<status status="PASS" starttime="20231113 18:04:01.069" endtime="20231113 18:04:06.069"/>
</kw>
<status status="PASS" starttime="20231113 18:04:00.856" endtime="20231113 18:04:06.069"/>
</kw>
<kw name="E clicar na lupa ou der o enter" library="Blog_AGI">
<kw name="Press Keys" library="SeleniumLibrary">
<arg>//*[@id="masthead"]/div[1]/div[2]/form/label/input</arg>
<arg>ENTER</arg>
<doc>Simulates the user pressing key(s) to an element or on the active browser.</doc>
<msg timestamp="20231113 18:04:06.073" level="INFO">Sending key(s) ('ENTER',) to //*[@id="masthead"]/div[1]/div[2]/form/label/input element.</msg>
<msg timestamp="20231113 18:04:06.400" level="INFO">Pressing special key ENTER to element.</msg>
<msg timestamp="20231113 18:04:06.400" level="INFO">Releasing special key ENTER.</msg>
<status status="PASS" starttime="20231113 18:04:06.069" endtime="20231113 18:04:07.394"/>
</kw>
<kw name="Sleep" library="BuiltIn">
<arg>10s</arg>
<doc>Pauses the test executed for the given time.</doc>
<msg timestamp="20231113 18:04:17.398" level="INFO">Slept 10 seconds</msg>
<status status="PASS" starttime="20231113 18:04:07.397" endtime="20231113 18:04:17.398"/>
</kw>
<status status="PASS" starttime="20231113 18:04:06.069" endtime="20231113 18:04:17.398"/>
</kw>
<kw name="Então como resposta devo obter uma lista de artigos relacioandos a minha pesquisa" library="Blog_AGI">
<kw name="Wait Until Element Is Visible" library="SeleniumLibrary">
<arg>//*[@id="primary"]/header/h1/span</arg>
<doc>Waits until the element ``locator`` is visible.</doc>
<status status="PASS" starttime="20231113 18:04:17.399" endtime="20231113 18:04:17.478"/>
</kw>
<kw name="Close Browser" library="SeleniumLibrary">
<doc>Closes the current browser.</doc>
<status status="PASS" starttime="20231113 18:04:17.478" endtime="20231113 18:04:20.047"/>
</kw>
<status status="PASS" starttime="20231113 18:04:17.399" endtime="20231113 18:04:20.047"/>
</kw>
<status status="PASS" starttime="20231113 18:03:53.948" endtime="20231113 18:04:20.049"/>
</test>
<test id="s1-t2" name="Cenário de teste 02: Realizar pesquisa com artigos inexistentes no blog" line="16">
<kw name="Dado que eu seja um usuário qualquer do sistema" library="Blog_AGI">
<kw name="Open Browser" library="SeleniumLibrary">
<arg>${URL}</arg>
<arg>chrome</arg>
<doc>Opens a new browser instance to the optional ``url``.</doc>
<msg timestamp="20231113 18:04:20.054" level="INFO">Opening browser 'chrome' to base url 'https://blogdoagi.com.br/'.</msg>
<status status="PASS" starttime="20231113 18:04:20.053" endtime="20231113 18:04:25.667"/>
</kw>
<kw name="Maximize Browser Window" library="SeleniumLibrary">
<doc>Maximizes current browser window.</doc>
<status status="PASS" starttime="20231113 18:04:25.669" endtime="20231113 18:04:25.806"/>
</kw>
<status status="PASS" starttime="20231113 18:04:20.051" endtime="20231113 18:04:25.806"/>
</kw>
<kw name="E for utilizar a função de pesquisa do sistema" library="Blog_AGI">
<kw name="Click Button" library="SeleniumLibrary">
<arg>//*[@id="search-open"]</arg>
<doc>Clicks the button identified by ``locator``.</doc>
<msg timestamp="20231113 18:04:25.807" level="INFO">Clicking button '//*[@id="search-open"]'.</msg>
<status status="PASS" starttime="20231113 18:04:25.807" endtime="20231113 18:04:25.971"/>
</kw>
<status status="PASS" starttime="20231113 18:04:25.806" endtime="20231113 18:04:25.971"/>
</kw>
<kw name="Quando eu digitar &quot;Flamengo&quot; na funcionalidade de pesquisa" library="Blog_AGI">
<kw name="Input Text" library="SeleniumLibrary">
<arg>//*[@id="masthead"]/div[1]/div[2]/form/label/input</arg>
<arg>Flamengo</arg>
<doc>Types the given ``text`` into the text field identified by ``locator``.</doc>
<msg timestamp="20231113 18:04:25.973" level="INFO">Typing text 'Flamengo' into text field '//*[@id="masthead"]/div[1]/div[2]/form/label/input'.</msg>
<status status="PASS" starttime="20231113 18:04:25.971" endtime="20231113 18:04:26.112"/>
</kw>
<kw name="Sleep" library="BuiltIn">
<arg>5s</arg>
<doc>Pauses the test executed for the given time.</doc>
<msg timestamp="20231113 18:04:31.115" level="INFO">Slept 5 seconds</msg>
<status status="PASS" starttime="20231113 18:04:26.112" endtime="20231113 18:04:31.115"/>
</kw>
<status status="PASS" starttime="20231113 18:04:25.971" endtime="20231113 18:04:31.115"/>
</kw>
<kw name="E clicar e der o enter" library="Blog_AGI">
<kw name="Press Keys" library="SeleniumLibrary">
<arg>//*[@id="masthead"]/div[1]/div[2]/form/label/input</arg>
<arg>ENTER</arg>
<doc>Simulates the user pressing key(s) to an element or on the active browser.</doc>
<msg timestamp="20231113 18:04:31.115" level="INFO">Sending key(s) ('ENTER',) to //*[@id="masthead"]/div[1]/div[2]/form/label/input element.</msg>
<msg timestamp="20231113 18:04:31.446" level="INFO">Pressing special key ENTER to element.</msg>
<msg timestamp="20231113 18:04:31.447" level="INFO">Releasing special key ENTER.</msg>
<status status="PASS" starttime="20231113 18:04:31.115" endtime="20231113 18:04:32.154"/>
</kw>
<status status="PASS" starttime="20231113 18:04:31.115" endtime="20231113 18:04:32.154"/>
</kw>
<kw name="Então como resposta o sistema deve retornar &quot;Nenhum Resultado&quot;" library="Blog_AGI">
<kw name="Wait Until Element Is Visible" library="SeleniumLibrary">
<arg>//*[@id="primary"]/section/header/h1</arg>
<doc>Waits until the element ``locator`` is visible.</doc>
<status status="PASS" starttime="20231113 18:04:32.155" endtime="20231113 18:04:32.183"/>
</kw>
<kw name="Close Browser" library="SeleniumLibrary">
<doc>Closes the current browser.</doc>
<status status="PASS" starttime="20231113 18:04:32.183" endtime="20231113 18:04:34.622"/>
</kw>
<status status="PASS" starttime="20231113 18:04:32.154" endtime="20231113 18:04:34.622"/>
</kw>
<status status="PASS" starttime="20231113 18:04:20.051" endtime="20231113 18:04:34.622"/>
</test>
<test id="s1-t3" name="Cenário de teste 03: Realizar pesquisa sem preencher o campo e dar o Enter na pesquisa" line="25">
<kw name="Dado que eu seja um usuário do sistema logado" library="Blog_AGI">
<kw name="Open Browser" library="SeleniumLibrary">
<arg>${URL}</arg>
<arg>chrome</arg>
<doc>Opens a new browser instance to the optional ``url``.</doc>
<msg timestamp="20231113 18:04:34.622" level="INFO">Opening browser 'chrome' to base url 'https://blogdoagi.com.br/'.</msg>
<status status="PASS" starttime="20231113 18:04:34.622" endtime="20231113 18:04:40.192"/>
</kw>
<kw name="Maximize Browser Window" library="SeleniumLibrary">
<doc>Maximizes current browser window.</doc>
<status status="PASS" starttime="20231113 18:04:40.193" endtime="20231113 18:04:40.341"/>
</kw>
<status status="PASS" starttime="20231113 18:04:34.622" endtime="20231113 18:04:40.341"/>
</kw>
<kw name="E for utilizar a função de pesquisa no sistema" library="Blog_AGI">
<kw name="Click Button" library="SeleniumLibrary">
<arg>//*[@id="search-open"]</arg>
<doc>Clicks the button identified by ``locator``.</doc>
<msg timestamp="20231113 18:04:40.342" level="INFO">Clicking button '//*[@id="search-open"]'.</msg>
<status status="PASS" starttime="20231113 18:04:40.341" endtime="20231113 18:04:40.529"/>
</kw>
<status status="PASS" starttime="20231113 18:04:40.341" endtime="20231113 18:04:40.529"/>
</kw>
<kw name="Quando eu não digitar nada na funcionalidade de pesquisa" library="Blog_AGI">
<kw name="Sleep" library="BuiltIn">
<arg>2s</arg>
<doc>Pauses the test executed for the given time.</doc>
<msg timestamp="20231113 18:04:42.532" level="INFO">Slept 2 seconds</msg>
<status status="PASS" starttime="20231113 18:04:40.532" endtime="20231113 18:04:42.532"/>
</kw>
<status status="PASS" starttime="20231113 18:04:40.532" endtime="20231113 18:04:42.532"/>
</kw>
<kw name="E clicar pesquisar" library="Blog_AGI">
<kw name="Press Keys" library="SeleniumLibrary">
<arg>//*[@id="masthead"]/div[1]/div[2]/form/label/input</arg>
<arg>ENTER</arg>
<doc>Simulates the user pressing key(s) to an element or on the active browser.</doc>
<msg timestamp="20231113 18:04:42.532" level="INFO">Sending key(s) ('ENTER',) to //*[@id="masthead"]/div[1]/div[2]/form/label/input element.</msg>
<msg timestamp="20231113 18:04:42.905" level="INFO">Pressing special key ENTER to element.</msg>
<msg timestamp="20231113 18:04:42.905" level="INFO">Releasing special key ENTER.</msg>
<status status="PASS" starttime="20231113 18:04:42.532" endtime="20231113 18:04:43.268"/>
</kw>
<status status="PASS" starttime="20231113 18:04:42.532" endtime="20231113 18:04:43.268"/>
</kw>
<kw name="Então como resposta o sistema deve retornar as notícias do blog em ordem cronológica" library="Blog_AGI">
<kw name="Wait Until Element Is Visible" library="SeleniumLibrary">
<arg>//*[@id="primary"]/header/h1</arg>
<doc>Waits until the element ``locator`` is visible.</doc>
<status status="PASS" starttime="20231113 18:04:43.269" endtime="20231113 18:04:43.295"/>
</kw>
<kw name="Close Browser" library="SeleniumLibrary">
<doc>Closes the current browser.</doc>
<status status="PASS" starttime="20231113 18:04:43.295" endtime="20231113 18:04:45.740"/>
</kw>
<status status="PASS" starttime="20231113 18:04:43.269" endtime="20231113 18:04:45.740"/>
</kw>
<status status="PASS" starttime="20231113 18:04:34.622" endtime="20231113 18:04:45.740"/>
</test>
<test id="s1-t4" name="Cenário de teste 04: Alteração da cor do botão Pesquisar ao clicar no mesmo" line="33">
<kw name="Dado que eu seja um usuário" library="Blog_AGI">
<kw name="Open Browser" library="SeleniumLibrary">
<arg>${URL}</arg>
<arg>chrome</arg>
<doc>Opens a new browser instance to the optional ``url``.</doc>
<msg timestamp="20231113 18:04:45.742" level="INFO">Opening browser 'chrome' to base url 'https://blogdoagi.com.br/'.</msg>
<status status="PASS" starttime="20231113 18:04:45.742" endtime="20231113 18:04:51.122"/>
</kw>
<kw name="Maximize Browser Window" library="SeleniumLibrary">
<doc>Maximizes current browser window.</doc>
<status status="PASS" starttime="20231113 18:04:51.123" endtime="20231113 18:04:51.307"/>
</kw>
<status status="PASS" starttime="20231113 18:04:45.742" endtime="20231113 18:04:51.307"/>
</kw>
<kw name="E for utilizar a pesquisa do sistema" library="Blog_AGI">
<kw name="Click Button" library="SeleniumLibrary">
<arg>//*[@id="search-open"]</arg>
<doc>Clicks the button identified by ``locator``.</doc>
<msg timestamp="20231113 18:04:51.308" level="INFO">Clicking button '//*[@id="search-open"]'.</msg>
<status status="PASS" starttime="20231113 18:04:51.307" endtime="20231113 18:04:51.472"/>
</kw>
<status status="PASS" starttime="20231113 18:04:51.307" endtime="20231113 18:04:51.472"/>
</kw>
<kw name="Quando eu digitar &quot;Investimento&quot; na funcionalidade de pesquisa do sistema" library="Blog_AGI">
<kw name="Input Text" library="SeleniumLibrary">
<arg>//*[@id="masthead"]/div[1]/div[2]/form/label/input</arg>
<arg>Investimentos</arg>
<doc>Types the given ``text`` into the text field identified by ``locator``.</doc>
<msg timestamp="20231113 18:04:51.475" level="INFO">Typing text 'Investimentos' into text field '//*[@id="masthead"]/div[1]/div[2]/form/label/input'.</msg>
<status status="PASS" starttime="20231113 18:04:51.474" endtime="20231113 18:04:51.649"/>
</kw>
<kw name="Sleep" library="BuiltIn">
<arg>5s</arg>
<doc>Pauses the test executed for the given time.</doc>
<msg timestamp="20231113 18:04:56.652" level="INFO">Slept 5 seconds</msg>
<status status="PASS" starttime="20231113 18:04:51.649" endtime="20231113 18:04:56.652"/>
</kw>
<status status="PASS" starttime="20231113 18:04:51.474" endtime="20231113 18:04:56.652"/>
</kw>
<kw name="E clicar no botão pesquisar" library="Blog_AGI">
<kw name="Sleep" library="BuiltIn">
<arg>2s</arg>
<doc>Pauses the test executed for the given time.</doc>
<msg timestamp="20231113 18:04:58.652" level="INFO">Slept 2 seconds</msg>
<status status="PASS" starttime="20231113 18:04:56.652" endtime="20231113 18:04:58.652"/>
</kw>
<status status="PASS" starttime="20231113 18:04:56.652" endtime="20231113 18:04:58.652"/>
</kw>
<kw name="Então a cor do botão deverá ser alterada de branco para Azul" library="Blog_AGI">
<kw name="Press Keys" library="SeleniumLibrary">
<arg>//*[@id="masthead"]/div[1]/div[2]/form/label/input</arg>
<arg>ENTER</arg>
<doc>Simulates the user pressing key(s) to an element or on the active browser.</doc>
<msg timestamp="20231113 18:04:58.652" level="INFO">Sending key(s) ('ENTER',) to //*[@id="masthead"]/div[1]/div[2]/form/label/input element.</msg>
<msg timestamp="20231113 18:04:58.939" level="INFO">Pressing special key ENTER to element.</msg>
<msg timestamp="20231113 18:04:58.940" level="INFO">Releasing special key ENTER.</msg>
<status status="PASS" starttime="20231113 18:04:58.652" endtime="20231113 18:05:00.062"/>
</kw>
<status status="PASS" starttime="20231113 18:04:58.652" endtime="20231113 18:05:00.062"/>
</kw>
<kw name="E a pesquisa deverá ser realizada no sistema" library="Blog_AGI">
<kw name="Wait Until Element Is Visible" library="SeleniumLibrary">
<arg>//*[@id="primary"]/header/h1/span</arg>
<doc>Waits until the element ``locator`` is visible.</doc>
<status status="PASS" starttime="20231113 18:05:00.063" endtime="20231113 18:05:00.104"/>
</kw>
<kw name="Close Browser" library="SeleniumLibrary">
<doc>Closes the current browser.</doc>
<status status="PASS" starttime="20231113 18:05:00.104" endtime="20231113 18:05:02.494"/>
</kw>
<status status="PASS" starttime="20231113 18:05:00.063" endtime="20231113 18:05:02.494"/>
</kw>
<status status="PASS" starttime="20231113 18:04:45.741" endtime="20231113 18:05:02.495"/>
</test>
<doc>Desafio AGI</doc>
<status status="PASS" starttime="20231113 18:03:53.650" endtime="20231113 18:05:02.495"/>
</suite>
<statistics>
<total>
<stat pass="4" fail="0" skip="0">All Tests</stat>
</total>
<tag>
</tag>
<suite>
<stat pass="4" fail="0" skip="0" id="s1" name="Cenários Agi">Cenários Agi</stat>
</suite>
</statistics>
<errors>
</errors>
</robot>
